{"D:\\EcoShift\\src\\App.tsx": {"path":"D:\\EcoShift\\src\\App.tsx","statementMap":{"0":{"start":{"line":8,"column":32},"end":{"line":8,"column":null}},"1":{"start":{"line":9,"column":16},"end":{"line":9,"column":null}},"2":{"start":{"line":10,"column":19},"end":{"line":10,"column":null}},"3":{"start":{"line":11,"column":16},"end":{"line":11,"column":null}},"4":{"start":{"line":12,"column":20},"end":{"line":12,"column":null}},"5":{"start":{"line":14,"column":27},"end":{"line":25,"column":null}},"6":{"start":{"line":15,"column":4},"end":{"line":15,"column":null}},"7":{"start":{"line":16,"column":4},"end":{"line":16,"column":null}},"8":{"start":{"line":17,"column":4},"end":{"line":24,"column":null}},"9":{"start":{"line":18,"column":6},"end":{"line":18,"column":null}},"10":{"start":{"line":20,"column":6},"end":{"line":20,"column":null}},"11":{"start":{"line":21,"column":6},"end":{"line":21,"column":null}},"12":{"start":{"line":23,"column":6},"end":{"line":23,"column":null}},"13":{"start":{"line":27,"column":27},"end":{"line":39,"column":null}},"14":{"start":{"line":28,"column":4},"end":{"line":28,"column":null}},"15":{"start":{"line":29,"column":4},"end":{"line":29,"column":null}},"16":{"start":{"line":30,"column":4},"end":{"line":30,"column":null}},"17":{"start":{"line":31,"column":4},"end":{"line":38,"column":null}},"18":{"start":{"line":32,"column":6},"end":{"line":32,"column":null}},"19":{"start":{"line":34,"column":6},"end":{"line":34,"column":null}},"20":{"start":{"line":35,"column":6},"end":{"line":35,"column":null}},"21":{"start":{"line":37,"column":6},"end":{"line":37,"column":null}},"22":{"start":{"line":41,"column":2},"end":{"line":50,"column":null}},"23":{"start":{"line":42,"column":4},"end":{"line":48,"column":null}},"24":{"start":{"line":52,"column":2},"end":{"line":63,"column":null}},"25":{"start":{"line":53,"column":4},"end":{"line":61,"column":null}},"26":{"start":{"line":56,"column":80},"end":{"line":56,"column":96}},"27":{"start":{"line":65,"column":2},"end":{"line":118,"column":null}},"28":{"start":{"line":80,"column":29},"end":{"line":80,"column":null}},"29":{"start":{"line":92,"column":29},"end":{"line":92,"column":null}}},"fnMap":{"0":{"name":"App","decl":{"start":{"line":7,"column":9},"end":{"line":7,"column":15}},"loc":{"start":{"line":7,"column":15},"end":{"line":120,"column":null}},"line":7},"1":{"name":"(anonymous_1)","decl":{"start":{"line":14,"column":27},"end":{"line":14,"column":39}},"loc":{"start":{"line":14,"column":39},"end":{"line":25,"column":null}},"line":14},"2":{"name":"(anonymous_2)","decl":{"start":{"line":27,"column":27},"end":{"line":27,"column":34}},"loc":{"start":{"line":27,"column":57},"end":{"line":39,"column":null}},"line":27},"3":{"name":"(anonymous_3)","decl":{"start":{"line":56,"column":65},"end":{"line":56,"column":80}},"loc":{"start":{"line":56,"column":80},"end":{"line":56,"column":96}},"line":56},"4":{"name":"(anonymous_4)","decl":{"start":{"line":80,"column":14},"end":{"line":80,"column":24}},"loc":{"start":{"line":80,"column":29},"end":{"line":80,"column":null}},"line":80},"5":{"name":"(anonymous_5)","decl":{"start":{"line":92,"column":14},"end":{"line":92,"column":24}},"loc":{"start":{"line":92,"column":29},"end":{"line":92,"column":null}},"line":92}},"branchMap":{"0":{"loc":{"start":{"line":41,"column":2},"end":{"line":50,"column":null}},"type":"if","locations":[{"start":{"line":41,"column":2},"end":{"line":50,"column":null}},{"start":{},"end":{}}],"line":41},"1":{"loc":{"start":{"line":52,"column":2},"end":{"line":63,"column":null}},"type":"if","locations":[{"start":{"line":52,"column":2},"end":{"line":63,"column":null}},{"start":{},"end":{}}],"line":52},"2":{"loc":{"start":{"line":98,"column":11},"end":{"line":98,"column":null}},"type":"binary-expr","locations":[{"start":{"line":98,"column":11},"end":{"line":98,"column":20}},{"start":{"line":98,"column":20},"end":{"line":98,"column":null}}],"line":98},"3":{"loc":{"start":{"line":99,"column":11},"end":{"line":99,"column":null}},"type":"binary-expr","locations":[{"start":{"line":99,"column":11},"end":{"line":99,"column":24}},{"start":{"line":99,"column":24},"end":{"line":99,"column":null}}],"line":99},"4":{"loc":{"start":{"line":102,"column":13},"end":{"line":102,"column":null}},"type":"cond-expr","locations":[{"start":{"line":102,"column":25},"end":{"line":102,"column":43}},{"start":{"line":102,"column":43},"end":{"line":102,"column":null}}],"line":102}},"s":{"0":117,"1":117,"2":117,"3":117,"4":117,"5":117,"6":2,"7":2,"8":2,"9":2,"10":1,"11":1,"12":2,"13":117,"14":4,"15":4,"16":4,"17":4,"18":4,"19":2,"20":2,"21":4,"22":117,"23":3,"24":114,"25":4,"26":1,"27":110,"28":56,"29":29},"f":{"0":117,"1":2,"2":4,"3":1,"4":56,"5":29},"b":{"0":[3,114],"1":[4,110],"2":[110,3],"3":[117,2],"4":[6,104]},"meta":{"lastBranch":5,"lastFunction":6,"lastStatement":30,"seen":{"f:7:9:7:15":0,"s:8:32:8:Infinity":0,"s:9:16:9:Infinity":1,"s:10:19:10:Infinity":2,"s:11:16:11:Infinity":3,"s:12:20:12:Infinity":4,"s:14:27:25:Infinity":5,"f:14:27:14:39":1,"s:15:4:15:Infinity":6,"s:16:4:16:Infinity":7,"s:17:4:24:Infinity":8,"s:18:6:18:Infinity":9,"s:20:6:20:Infinity":10,"s:21:6:21:Infinity":11,"s:23:6:23:Infinity":12,"s:27:27:39:Infinity":13,"f:27:27:27:34":2,"s:28:4:28:Infinity":14,"s:29:4:29:Infinity":15,"s:30:4:30:Infinity":16,"s:31:4:38:Infinity":17,"s:32:6:32:Infinity":18,"s:34:6:34:Infinity":19,"s:35:6:35:Infinity":20,"s:37:6:37:Infinity":21,"b:41:2:50:Infinity:undefined:undefined:undefined:undefined":0,"s:41:2:50:Infinity":22,"s:42:4:48:Infinity":23,"b:52:2:63:Infinity:undefined:undefined:undefined:undefined":1,"s:52:2:63:Infinity":24,"s:53:4:61:Infinity":25,"f:56:65:56:80":3,"s:56:80:56:96":26,"s:65:2:118:Infinity":27,"f:80:14:80:24":4,"s:80:29:80:Infinity":28,"f:92:14:92:24":5,"s:92:29:92:Infinity":29,"b:98:11:98:20:98:20:98:Infinity":2,"b:99:11:99:24:99:24:99:Infinity":3,"b:102:25:102:43:102:43:102:Infinity":4},"fnNames":{}}}
,"D:\\EcoShift\\src\\components\\ActivityForm.tsx": {"path":"D:\\EcoShift\\src\\components\\ActivityForm.tsx","statementMap":{"0":{"start":{"line":9,"column":25},"end":{"line":21,"column":null}},"1":{"start":{"line":28,"column":21},"end":{"line":28,"column":null}},"2":{"start":{"line":29,"column":22},"end":{"line":29,"column":null}},"3":{"start":{"line":31,"column":8},"end":{"line":72,"column":null}},"4":{"start":{"line":39,"column":6},"end":{"line":39,"column":null}},"5":{"start":{"line":40,"column":6},"end":{"line":40,"column":null}},"6":{"start":{"line":42,"column":6},"end":{"line":70,"column":null}},"7":{"start":{"line":43,"column":14},"end":{"line":46,"column":null}},"8":{"start":{"line":48,"column":25},"end":{"line":55,"column":null}},"9":{"start":{"line":58,"column":8},"end":{"line":58,"column":null}},"10":{"start":{"line":61,"column":8},"end":{"line":61,"column":null}},"11":{"start":{"line":62,"column":8},"end":{"line":62,"column":null}},"12":{"start":{"line":64,"column":8},"end":{"line":64,"column":null}},"13":{"start":{"line":65,"column":8},"end":{"line":67,"column":null}},"14":{"start":{"line":69,"column":8},"end":{"line":69,"column":null}},"15":{"start":{"line":74,"column":2},"end":{"line":170,"column":null}}},"fnMap":{"0":{"name":"ActivityForm","decl":{"start":{"line":27,"column":16},"end":{"line":27,"column":29}},"loc":{"start":{"line":27,"column":70},"end":{"line":172,"column":null}},"line":27},"1":{"name":"(anonymous_1)","decl":{"start":{"line":38,"column":14},"end":{"line":38,"column":20}},"loc":{"start":{"line":38,"column":30},"end":{"line":71,"column":null}},"line":38}},"branchMap":{"0":{"loc":{"start":{"line":53,"column":23},"end":{"line":53,"column":null}},"type":"binary-expr","locations":[{"start":{"line":53,"column":23},"end":{"line":53,"column":45}},{"start":{"line":53,"column":45},"end":{"line":53,"column":null}}],"line":53},"1":{"loc":{"start":{"line":66,"column":10},"end":{"line":66,"column":null}},"type":"cond-expr","locations":[{"start":{"line":66,"column":35},"end":{"line":66,"column":51}},{"start":{"line":66,"column":51},"end":{"line":66,"column":null}}],"line":66},"2":{"loc":{"start":{"line":91,"column":30},"end":{"line":91,"column":null}},"type":"cond-expr","locations":[{"start":{"line":91,"column":88},"end":{"line":91,"column":110}},{"start":{"line":91,"column":110},"end":{"line":91,"column":null}}],"line":91},"3":{"loc":{"start":{"line":91,"column":30},"end":{"line":91,"column":88}},"type":"binary-expr","locations":[{"start":{"line":91,"column":30},"end":{"line":91,"column":60}},{"start":{"line":91,"column":60},"end":{"line":91,"column":88}}],"line":91},"4":{"loc":{"start":{"line":99,"column":11},"end":{"line":102,"column":null}},"type":"binary-expr","locations":[{"start":{"line":99,"column":11},"end":{"line":99,"column":41}},{"start":{"line":99,"column":41},"end":{"line":99,"column":null}},{"start":{"line":100,"column":12},"end":{"line":102,"column":null}}],"line":99},"5":{"loc":{"start":{"line":124,"column":30},"end":{"line":124,"column":null}},"type":"cond-expr","locations":[{"start":{"line":124,"column":82},"end":{"line":124,"column":101}},{"start":{"line":124,"column":101},"end":{"line":124,"column":null}}],"line":124},"6":{"loc":{"start":{"line":124,"column":30},"end":{"line":124,"column":82}},"type":"binary-expr","locations":[{"start":{"line":124,"column":30},"end":{"line":124,"column":57}},{"start":{"line":124,"column":57},"end":{"line":124,"column":82}}],"line":124},"7":{"loc":{"start":{"line":129,"column":11},"end":{"line":132,"column":null}},"type":"binary-expr","locations":[{"start":{"line":129,"column":11},"end":{"line":129,"column":38}},{"start":{"line":129,"column":38},"end":{"line":129,"column":null}},{"start":{"line":130,"column":12},"end":{"line":132,"column":null}}],"line":129},"8":{"loc":{"start":{"line":156,"column":9},"end":{"line":159,"column":null}},"type":"binary-expr","locations":[{"start":{"line":156,"column":9},"end":{"line":156,"column":null}},{"start":{"line":157,"column":10},"end":{"line":159,"column":null}}],"line":156},"9":{"loc":{"start":{"line":164,"column":20},"end":{"line":164,"column":null}},"type":"binary-expr","locations":[{"start":{"line":164,"column":20},"end":{"line":164,"column":34}},{"start":{"line":164,"column":34},"end":{"line":164,"column":null}}],"line":164},"10":{"loc":{"start":{"line":167,"column":11},"end":{"line":167,"column":null}},"type":"cond-expr","locations":[{"start":{"line":167,"column":24},"end":{"line":167,"column":39}},{"start":{"line":167,"column":39},"end":{"line":167,"column":null}}],"line":167}},"s":{"0":1,"1":225,"2":225,"3":225,"4":13,"5":13,"6":13,"7":13,"8":13,"9":8,"10":8,"11":8,"12":5,"13":5,"14":13,"15":225},"f":{"0":225,"1":13},"b":{"0":[13,11],"1":[4,1],"2":[0,225],"3":[225,39],"4":[225,39,0],"5":[6,219],"6":[225,84],"7":[225,84,6],"8":[225,5],"9":[225,223],"10":[2,223]},"meta":{"lastBranch":11,"lastFunction":2,"lastStatement":16,"seen":{"s:9:25:21:Infinity":0,"f:27:16:27:29":0,"s:28:21:28:Infinity":1,"s:29:22:29:Infinity":2,"s:31:8:72:Infinity":3,"f:38:14:38:20":1,"s:39:6:39:Infinity":4,"s:40:6:40:Infinity":5,"s:42:6:70:Infinity":6,"s:43:14:46:Infinity":7,"s:48:25:55:Infinity":8,"b:53:23:53:45:53:45:53:Infinity":0,"s:58:8:58:Infinity":9,"s:61:8:61:Infinity":10,"s:62:8:62:Infinity":11,"s:64:8:64:Infinity":12,"s:65:8:67:Infinity":13,"b:66:35:66:51:66:51:66:Infinity":1,"s:69:8:69:Infinity":14,"s:74:2:170:Infinity":15,"b:91:88:91:110:91:110:91:Infinity":2,"b:91:30:91:60:91:60:91:88":3,"b:99:11:99:41:99:41:99:Infinity:100:12:102:Infinity":4,"b:124:82:124:101:124:101:124:Infinity":5,"b:124:30:124:57:124:57:124:82":6,"b:129:11:129:38:129:38:129:Infinity:130:12:132:Infinity":7,"b:156:9:156:Infinity:157:10:159:Infinity":8,"b:164:20:164:34:164:34:164:Infinity":9,"b:167:24:167:39:167:39:167:Infinity":10},"fnNames":{}}}
,"D:\\EcoShift\\src\\components\\Dashboard.tsx": {"path":"D:\\EcoShift\\src\\components\\Dashboard.tsx","statementMap":{"0":{"start":{"line":12,"column":25},"end":{"line":12,"column":null}},"1":{"start":{"line":13,"column":10},"end":{"line":13,"column":null}},"2":{"start":{"line":15,"column":2},"end":{"line":17,"column":null}},"3":{"start":{"line":16,"column":4},"end":{"line":16,"column":null}},"4":{"start":{"line":19,"column":8},"end":{"line":21,"column":null}},"5":{"start":{"line":20,"column":4},"end":{"line":20,"column":null}},"6":{"start":{"line":20,"column":55},"end":{"line":20,"column":66}},"7":{"start":{"line":23,"column":8},"end":{"line":25,"column":null}},"8":{"start":{"line":24,"column":4},"end":{"line":24,"column":null}},"9":{"start":{"line":27,"column":8},"end":{"line":31,"column":null}},"10":{"start":{"line":28,"column":4},"end":{"line":30,"column":null}},"11":{"start":{"line":34,"column":8},"end":{"line":67,"column":null}},"12":{"start":{"line":35,"column":17},"end":{"line":35,"column":null}},"13":{"start":{"line":36,"column":26},"end":{"line":36,"column":null}},"14":{"start":{"line":36,"column":49},"end":{"line":36,"column":73}},"15":{"start":{"line":37,"column":29},"end":{"line":37,"column":null}},"16":{"start":{"line":37,"column":62},"end":{"line":37,"column":87}},"17":{"start":{"line":38,"column":19},"end":{"line":38,"column":null}},"18":{"start":{"line":38,"column":52},"end":{"line":38,"column":71}},"19":{"start":{"line":40,"column":4},"end":{"line":47,"column":null}},"20":{"start":{"line":41,"column":6},"end":{"line":46,"column":null}},"21":{"start":{"line":49,"column":4},"end":{"line":56,"column":null}},"22":{"start":{"line":50,"column":6},"end":{"line":55,"column":null}},"23":{"start":{"line":59,"column":4},"end":{"line":64,"column":null}},"24":{"start":{"line":66,"column":4},"end":{"line":66,"column":null}},"25":{"start":{"line":69,"column":2},"end":{"line":75,"column":null}},"26":{"start":{"line":70,"column":4},"end":{"line":73,"column":null}},"27":{"start":{"line":77,"column":2},"end":{"line":84,"column":null}},"28":{"start":{"line":78,"column":4},"end":{"line":82,"column":null}},"29":{"start":{"line":86,"column":2},"end":{"line":164,"column":null}},"30":{"start":{"line":140,"column":16},"end":{"line":151,"column":null}}},"fnMap":{"0":{"name":"Dashboard","decl":{"start":{"line":11,"column":16},"end":{"line":11,"column":28}},"loc":{"start":{"line":11,"column":28},"end":{"line":166,"column":null}},"line":11},"1":{"name":"(anonymous_1)","decl":{"start":{"line":15,"column":2},"end":{"line":15,"column":18}},"loc":{"start":{"line":15,"column":18},"end":{"line":17,"column":5}},"line":15},"2":{"name":"(anonymous_2)","decl":{"start":{"line":19,"column":25},"end":{"line":19,"column":39}},"loc":{"start":{"line":19,"column":39},"end":{"line":21,"column":5}},"line":19},"3":{"name":"(anonymous_3)","decl":{"start":{"line":20,"column":46},"end":{"line":20,"column":50}},"loc":{"start":{"line":20,"column":55},"end":{"line":20,"column":66}},"line":20},"4":{"name":"(anonymous_4)","decl":{"start":{"line":23,"column":28},"end":{"line":23,"column":42}},"loc":{"start":{"line":23,"column":42},"end":{"line":25,"column":5}},"line":23},"5":{"name":"(anonymous_5)","decl":{"start":{"line":27,"column":30},"end":{"line":27,"column":44}},"loc":{"start":{"line":27,"column":44},"end":{"line":31,"column":5}},"line":27},"6":{"name":"(anonymous_6)","decl":{"start":{"line":34,"column":26},"end":{"line":34,"column":40}},"loc":{"start":{"line":34,"column":40},"end":{"line":67,"column":5}},"line":34},"7":{"name":"(anonymous_7)","decl":{"start":{"line":36,"column":37},"end":{"line":36,"column":44}},"loc":{"start":{"line":36,"column":49},"end":{"line":36,"column":73}},"line":36},"8":{"name":"(anonymous_8)","decl":{"start":{"line":37,"column":43},"end":{"line":37,"column":51}},"loc":{"start":{"line":37,"column":62},"end":{"line":37,"column":87}},"line":37},"9":{"name":"(anonymous_9)","decl":{"start":{"line":38,"column":33},"end":{"line":38,"column":41}},"loc":{"start":{"line":38,"column":52},"end":{"line":38,"column":71}},"line":38},"10":{"name":"(anonymous_10)","decl":{"start":{"line":139,"column":31},"end":{"line":139,"column":36}},"loc":{"start":{"line":140,"column":16},"end":{"line":151,"column":null}},"line":140}},"branchMap":{"0":{"loc":{"start":{"line":37,"column":69},"end":{"line":37,"column":87}},"type":"binary-expr","locations":[{"start":{"line":37,"column":69},"end":{"line":37,"column":83}},{"start":{"line":37,"column":83},"end":{"line":37,"column":87}}],"line":37},"1":{"loc":{"start":{"line":40,"column":4},"end":{"line":47,"column":null}},"type":"if","locations":[{"start":{"line":40,"column":4},"end":{"line":47,"column":null}},{"start":{},"end":{}}],"line":40},"2":{"loc":{"start":{"line":49,"column":4},"end":{"line":56,"column":null}},"type":"if","locations":[{"start":{"line":49,"column":4},"end":{"line":56,"column":null}},{"start":{},"end":{}}],"line":49},"3":{"loc":{"start":{"line":69,"column":2},"end":{"line":75,"column":null}},"type":"if","locations":[{"start":{"line":69,"column":2},"end":{"line":75,"column":null}},{"start":{},"end":{}}],"line":69},"4":{"loc":{"start":{"line":77,"column":2},"end":{"line":84,"column":null}},"type":"if","locations":[{"start":{"line":77,"column":2},"end":{"line":84,"column":null}},{"start":{},"end":{}}],"line":77},"5":{"loc":{"start":{"line":98,"column":13},"end":{"line":100,"column":null}},"type":"cond-expr","locations":[{"start":{"line":99,"column":16},"end":{"line":99,"column":null}},{"start":{"line":100,"column":16},"end":{"line":100,"column":null}}],"line":98},"6":{"loc":{"start":{"line":113,"column":13},"end":{"line":115,"column":24}},"type":"cond-expr","locations":[{"start":{"line":113,"column":33},"end":{"line":114,"column":null}},{"start":{"line":115,"column":16},"end":{"line":115,"column":24}}],"line":113},"7":{"loc":{"start":{"line":124,"column":11},"end":{"line":136,"column":11}},"type":"cond-expr","locations":[{"start":{"line":125,"column":12},"end":{"line":130,"column":13}},{"start":{"line":130,"column":12},"end":{"line":136,"column":11}}],"line":124}},"s":{"0":23,"1":23,"2":23,"3":23,"4":23,"5":23,"6":17,"7":23,"8":23,"9":23,"10":23,"11":23,"12":23,"13":23,"14":17,"15":23,"16":17,"17":23,"18":17,"19":23,"20":2,"21":23,"22":1,"23":23,"24":23,"25":23,"26":2,"27":21,"28":2,"29":19,"30":22},"f":{"0":23,"1":23,"2":23,"3":17,"4":23,"5":23,"6":23,"7":17,"8":17,"9":17,"10":22},"b":{"0":[17,0],"1":[2,21],"2":[1,22],"3":[2,21],"4":[2,19],"5":[0,19],"6":[8,11],"7":[8,11]},"meta":{"lastBranch":8,"lastFunction":11,"lastStatement":31,"seen":{"f:11:16:11:28":0,"s:12:25:12:Infinity":0,"s:13:10:13:Infinity":1,"s:15:2:17:Infinity":2,"f:15:2:15:18":1,"s:16:4:16:Infinity":3,"s:19:8:21:Infinity":4,"f:19:25:19:39":2,"s:20:4:20:Infinity":5,"f:20:46:20:50":3,"s:20:55:20:66":6,"s:23:8:25:Infinity":7,"f:23:28:23:42":4,"s:24:4:24:Infinity":8,"s:27:8:31:Infinity":9,"f:27:30:27:44":5,"s:28:4:30:Infinity":10,"s:34:8:67:Infinity":11,"f:34:26:34:40":6,"s:35:17:35:Infinity":12,"s:36:26:36:Infinity":13,"f:36:37:36:44":7,"s:36:49:36:73":14,"s:37:29:37:Infinity":15,"f:37:43:37:51":8,"s:37:62:37:87":16,"b:37:69:37:83:37:83:37:87":0,"s:38:19:38:Infinity":17,"f:38:33:38:41":9,"s:38:52:38:71":18,"b:40:4:47:Infinity:undefined:undefined:undefined:undefined":1,"s:40:4:47:Infinity":19,"s:41:6:46:Infinity":20,"b:49:4:56:Infinity:undefined:undefined:undefined:undefined":2,"s:49:4:56:Infinity":21,"s:50:6:55:Infinity":22,"s:59:4:64:Infinity":23,"s:66:4:66:Infinity":24,"b:69:2:75:Infinity:undefined:undefined:undefined:undefined":3,"s:69:2:75:Infinity":25,"s:70:4:73:Infinity":26,"b:77:2:84:Infinity:undefined:undefined:undefined:undefined":4,"s:77:2:84:Infinity":27,"s:78:4:82:Infinity":28,"s:86:2:164:Infinity":29,"b:99:16:99:Infinity:100:16:100:Infinity":5,"b:113:33:114:Infinity:115:16:115:24":6,"b:125:12:130:13:130:12:136:11":7,"f:139:31:139:36":10,"s:140:16:151:Infinity":30},"fnNames":{}}}
,"D:\\EcoShift\\src\\components\\InsightsChart.tsx": {"path":"D:\\EcoShift\\src\\components\\InsightsChart.tsx","statementMap":{"0":{"start":{"line":7,"column":15},"end":{"line":12,"column":null}},"1":{"start":{"line":15,"column":20},"end":{"line":18,"column":null}},"2":{"start":{"line":15,"column":65},"end":{"line":18,"column":4}},"3":{"start":{"line":20,"column":2},"end":{"line":22,"column":null}},"4":{"start":{"line":21,"column":4},"end":{"line":21,"column":null}},"5":{"start":{"line":24,"column":2},"end":{"line":46,"column":null}},"6":{"start":{"line":33,"column":42},"end":{"line":33,"column":null}},"7":{"start":{"line":39,"column":14},"end":{"line":39,"column":null}},"8":{"start":{"line":42,"column":46},"end":{"line":42,"column":94}}},"fnMap":{"0":{"name":"InsightsChart","decl":{"start":{"line":14,"column":16},"end":{"line":14,"column":30}},"loc":{"start":{"line":14,"column":60},"end":{"line":48,"column":null}},"line":14},"1":{"name":"(anonymous_1)","decl":{"start":{"line":15,"column":41},"end":{"line":15,"column":46}},"loc":{"start":{"line":15,"column":65},"end":{"line":18,"column":4}},"line":15},"2":{"name":"(anonymous_2)","decl":{"start":{"line":33,"column":12},"end":{"line":33,"column":20}},"loc":{"start":{"line":33,"column":42},"end":{"line":33,"column":null}},"line":33},"3":{"name":"(anonymous_3)","decl":{"start":{"line":38,"column":23},"end":{"line":38,"column":28}},"loc":{"start":{"line":39,"column":14},"end":{"line":39,"column":null}},"line":39},"4":{"name":"(anonymous_4)","decl":{"start":{"line":42,"column":19},"end":{"line":42,"column":31}},"loc":{"start":{"line":42,"column":46},"end":{"line":42,"column":94}},"line":42}},"branchMap":{"0":{"loc":{"start":{"line":20,"column":2},"end":{"line":22,"column":null}},"type":"if","locations":[{"start":{"line":20,"column":2},"end":{"line":22,"column":null}},{"start":{},"end":{}}],"line":20},"1":{"loc":{"start":{"line":33,"column":56},"end":{"line":33,"column":72}},"type":"binary-expr","locations":[{"start":{"line":33,"column":56},"end":{"line":33,"column":67}},{"start":{"line":33,"column":67},"end":{"line":33,"column":72}}],"line":33},"2":{"loc":{"start":{"line":42,"column":60},"end":{"line":42,"column":70}},"type":"binary-expr","locations":[{"start":{"line":42,"column":60},"end":{"line":42,"column":69}},{"start":{"line":42,"column":69},"end":{"line":42,"column":70}}],"line":42}},"s":{"0":1,"1":16,"2":20,"3":16,"4":2,"5":14,"6":0,"7":20,"8":0},"f":{"0":16,"1":20,"2":0,"3":20,"4":0},"b":{"0":[2,14],"1":[0,0],"2":[0,0]},"meta":{"lastBranch":3,"lastFunction":5,"lastStatement":9,"seen":{"s:7:15:12:Infinity":0,"f:14:16:14:30":0,"s:15:20:18:Infinity":1,"f:15:41:15:46":1,"s:15:65:18:4":2,"b:20:2:22:Infinity:undefined:undefined:undefined:undefined":0,"s:20:2:22:Infinity":3,"s:21:4:21:Infinity":4,"s:24:2:46:Infinity":5,"f:33:12:33:20":2,"s:33:42:33:Infinity":6,"b:33:56:33:67:33:67:33:72":1,"f:38:23:38:28":3,"s:39:14:39:Infinity":7,"f:42:19:42:31":4,"s:42:46:42:94":8,"b:42:60:42:69:42:69:42:70":2},"fnNames":{}}}
,"D:\\EcoShift\\src\\constants\\emissions.ts": {"path":"D:\\EcoShift\\src\\constants\\emissions.ts","statementMap":{"0":{"start":{"line":6,"column":57},"end":{"line":12,"column":null}},"1":{"start":{"line":14,"column":54},"end":{"line":21,"column":null}},"2":{"start":{"line":23,"column":54},"end":{"line":27,"column":null}},"3":{"start":{"line":29,"column":41},"end":{"line":29,"column":null}},"4":{"start":{"line":30,"column":39},"end":{"line":30,"column":null}}},"fnMap":{},"branchMap":{},"s":{"0":2,"1":2,"2":2,"3":2,"4":2},"f":{},"b":{},"meta":{"lastBranch":0,"lastFunction":0,"lastStatement":5,"seen":{"s:6:57:12:Infinity":0,"s:14:54:21:Infinity":1,"s:23:54:27:Infinity":2,"s:29:41:29:Infinity":3,"s:30:39:30:Infinity":4},"fnNames":{}}}
,"D:\\EcoShift\\src\\hooks\\useActivities.ts": {"path":"D:\\EcoShift\\src\\hooks\\useActivities.ts","statementMap":{"0":{"start":{"line":16,"column":21},"end":{"line":16,"column":null}},"1":{"start":{"line":17,"column":18},"end":{"line":17,"column":null}},"2":{"start":{"line":18,"column":16},"end":{"line":18,"column":null}},"3":{"start":{"line":20,"column":2},"end":{"line":42,"column":null}},"4":{"start":{"line":21,"column":4},"end":{"line":24,"column":null}},"5":{"start":{"line":22,"column":6},"end":{"line":22,"column":null}},"6":{"start":{"line":23,"column":6},"end":{"line":23,"column":null}},"7":{"start":{"line":26,"column":4},"end":{"line":26,"column":null}},"8":{"start":{"line":27,"column":28},"end":{"line":39,"column":null}},"9":{"start":{"line":28,"column":6},"end":{"line":38,"column":null}},"10":{"start":{"line":30,"column":10},"end":{"line":30,"column":null}},"11":{"start":{"line":31,"column":8},"end":{"line":31,"column":null}},"12":{"start":{"line":32,"column":8},"end":{"line":32,"column":null}},"13":{"start":{"line":34,"column":8},"end":{"line":34,"column":null}},"14":{"start":{"line":35,"column":8},"end":{"line":35,"column":null}},"15":{"start":{"line":37,"column":8},"end":{"line":37,"column":null}},"16":{"start":{"line":41,"column":4},"end":{"line":41,"column":null}},"17":{"start":{"line":44,"column":2},"end":{"line":44,"column":null}}},"fnMap":{"0":{"name":"useActivities","decl":{"start":{"line":13,"column":16},"end":{"line":13,"column":null}},"loc":{"start":{"line":15,"column":2},"end":{"line":45,"column":null}},"line":15},"1":{"name":"(anonymous_1)","decl":{"start":{"line":20,"column":2},"end":{"line":20,"column":18}},"loc":{"start":{"line":20,"column":18},"end":{"line":42,"column":5}},"line":20},"2":{"name":"(anonymous_2)","decl":{"start":{"line":27,"column":28},"end":{"line":27,"column":40}},"loc":{"start":{"line":27,"column":40},"end":{"line":39,"column":null}},"line":27}},"branchMap":{"0":{"loc":{"start":{"line":14,"column":2},"end":{"line":14,"column":null}},"type":"default-arg","locations":[{"start":{"line":14,"column":53},"end":{"line":14,"column":null}}],"line":14},"1":{"loc":{"start":{"line":14,"column":12},"end":{"line":14,"column":53}},"type":"default-arg","locations":[{"start":{"line":14,"column":21},"end":{"line":14,"column":53}}],"line":14},"2":{"loc":{"start":{"line":21,"column":4},"end":{"line":24,"column":null}},"type":"if","locations":[{"start":{"line":21,"column":4},"end":{"line":24,"column":null}},{"start":{},"end":{}}],"line":21},"3":{"loc":{"start":{"line":30,"column":10},"end":{"line":30,"column":null}},"type":"cond-expr","locations":[{"start":{"line":30,"column":30},"end":{"line":30,"column":66}},{"start":{"line":30,"column":66},"end":{"line":30,"column":null}}],"line":30},"4":{"loc":{"start":{"line":35,"column":17},"end":{"line":35,"column":82}},"type":"cond-expr","locations":[{"start":{"line":35,"column":40},"end":{"line":35,"column":54}},{"start":{"line":35,"column":54},"end":{"line":35,"column":82}}],"line":35}},"s":{"0":34,"1":34,"2":34,"3":34,"4":16,"5":2,"6":2,"7":14,"8":14,"9":14,"10":14,"11":7,"12":7,"13":4,"14":4,"15":13,"16":14,"17":34},"f":{"0":34,"1":16,"2":14},"b":{"0":[34],"1":[34],"2":[2,14],"3":[3,11],"4":[3,1]},"meta":{"lastBranch":5,"lastFunction":3,"lastStatement":18,"seen":{"f:13:16:13:Infinity":0,"b:14:53:14:Infinity":0,"b:14:21:14:53":1,"s:16:21:16:Infinity":0,"s:17:18:17:Infinity":1,"s:18:16:18:Infinity":2,"s:20:2:42:Infinity":3,"f:20:2:20:18":1,"b:21:4:24:Infinity:undefined:undefined:undefined:undefined":2,"s:21:4:24:Infinity":4,"s:22:6:22:Infinity":5,"s:23:6:23:Infinity":6,"s:26:4:26:Infinity":7,"s:27:28:39:Infinity":8,"f:27:28:27:40":2,"s:28:6:38:Infinity":9,"s:30:10:30:Infinity":10,"b:30:30:30:66:30:66:30:Infinity":3,"s:31:8:31:Infinity":11,"s:32:8:32:Infinity":12,"s:34:8:34:Infinity":13,"s:35:8:35:Infinity":14,"b:35:40:35:54:35:54:35:82":4,"s:37:8:37:Infinity":15,"s:41:4:41:Infinity":16,"s:44:2:44:Infinity":17},"fnNames":{}}}
,"D:\\EcoShift\\src\\hooks\\useAuth.ts": {"path":"D:\\EcoShift\\src\\hooks\\useAuth.ts","statementMap":{"0":{"start":{"line":9,"column":15},"end":{"line":9,"column":null}},"1":{"start":{"line":10,"column":18},"end":{"line":10,"column":null}},"2":{"start":{"line":11,"column":16},"end":{"line":11,"column":null}},"3":{"start":{"line":13,"column":2},"end":{"line":28,"column":null}},"4":{"start":{"line":14,"column":10},"end":{"line":25,"column":null}},"5":{"start":{"line":17,"column":8},"end":{"line":17,"column":null}},"6":{"start":{"line":18,"column":8},"end":{"line":18,"column":null}},"7":{"start":{"line":21,"column":8},"end":{"line":21,"column":null}},"8":{"start":{"line":22,"column":8},"end":{"line":22,"column":null}},"9":{"start":{"line":23,"column":8},"end":{"line":23,"column":null}},"10":{"start":{"line":27,"column":4},"end":{"line":27,"column":null}},"11":{"start":{"line":30,"column":2},"end":{"line":30,"column":null}}},"fnMap":{"0":{"name":"useAuth","decl":{"start":{"line":8,"column":16},"end":{"line":8,"column":26}},"loc":{"start":{"line":8,"column":26},"end":{"line":31,"column":null}},"line":8},"1":{"name":"(anonymous_1)","decl":{"start":{"line":13,"column":2},"end":{"line":13,"column":18}},"loc":{"start":{"line":13,"column":18},"end":{"line":28,"column":5}},"line":13},"2":{"name":"(anonymous_2)","decl":{"start":{"line":15,"column":6},"end":{"line":15,"column":null}},"loc":{"start":{"line":16,"column":14},"end":{"line":19,"column":null}},"line":16},"3":{"name":"(anonymous_3)","decl":{"start":{"line":19,"column":6},"end":{"line":19,"column":null}},"loc":{"start":{"line":20,"column":15},"end":{"line":24,"column":null}},"line":20}},"branchMap":{},"s":{"0":15,"1":15,"2":15,"3":15,"4":8,"5":4,"6":4,"7":1,"8":1,"9":1,"10":8,"11":15},"f":{"0":15,"1":8,"2":4,"3":1},"b":{},"meta":{"lastBranch":0,"lastFunction":4,"lastStatement":12,"seen":{"f:8:16:8:26":0,"s:9:15:9:Infinity":0,"s:10:18:10:Infinity":1,"s:11:16:11:Infinity":2,"s:13:2:28:Infinity":3,"f:13:2:13:18":1,"s:14:10:25:Infinity":4,"f:15:6:15:Infinity":2,"s:17:8:17:Infinity":5,"s:18:8:18:Infinity":6,"f:19:6:19:Infinity":3,"s:21:8:21:Infinity":7,"s:22:8:22:Infinity":8,"s:23:8:23:Infinity":9,"s:27:4:27:Infinity":10,"s:30:2:30:Infinity":11},"fnNames":{}}}
,"D:\\EcoShift\\src\\services\\carbonCalculator.ts": {"path":"D:\\EcoShift\\src\\services\\carbonCalculator.ts","statementMap":{"0":{"start":{"line":15,"column":2},"end":{"line":17,"column":null}},"1":{"start":{"line":16,"column":4},"end":{"line":16,"column":null}},"2":{"start":{"line":19,"column":2},"end":{"line":21,"column":null}},"3":{"start":{"line":20,"column":4},"end":{"line":20,"column":null}},"4":{"start":{"line":23,"column":25},"end":{"line":23,"column":null}},"5":{"start":{"line":24,"column":2},"end":{"line":26,"column":null}},"6":{"start":{"line":25,"column":4},"end":{"line":25,"column":null}},"7":{"start":{"line":28,"column":2},"end":{"line":28,"column":null}},"8":{"start":{"line":38,"column":2},"end":{"line":40,"column":null}},"9":{"start":{"line":39,"column":4},"end":{"line":39,"column":null}},"10":{"start":{"line":42,"column":25},"end":{"line":42,"column":null}},"11":{"start":{"line":43,"column":2},"end":{"line":45,"column":null}},"12":{"start":{"line":44,"column":4},"end":{"line":44,"column":null}},"13":{"start":{"line":48,"column":25},"end":{"line":48,"column":null}},"14":{"start":{"line":49,"column":2},"end":{"line":49,"column":null}},"15":{"start":{"line":56,"column":2},"end":{"line":56,"column":null}},"16":{"start":{"line":56,"column":51},"end":{"line":56,"column":62}},"17":{"start":{"line":65,"column":2},"end":{"line":71,"column":null}},"18":{"start":{"line":67,"column":6},"end":{"line":67,"column":null}},"19":{"start":{"line":68,"column":6},"end":{"line":68,"column":null}}},"fnMap":{"0":{"name":"calculateTransportEmissions","decl":{"start":{"line":11,"column":16},"end":{"line":11,"column":null}},"loc":{"start":{"line":14,"column":10},"end":{"line":29,"column":null}},"line":14},"1":{"name":"calculateFoodEmissions","decl":{"start":{"line":37,"column":16},"end":{"line":37,"column":39}},"loc":{"start":{"line":37,"column":81},"end":{"line":50,"column":null}},"line":37},"2":{"name":"calculateTotalEmissions","decl":{"start":{"line":55,"column":16},"end":{"line":55,"column":40}},"loc":{"start":{"line":55,"column":69},"end":{"line":57,"column":null}},"line":55},"3":{"name":"(anonymous_3)","decl":{"start":{"line":56,"column":30},"end":{"line":56,"column":38}},"loc":{"start":{"line":56,"column":51},"end":{"line":56,"column":62}},"line":56},"4":{"name":"getCategoryBreakdown","decl":{"start":{"line":62,"column":16},"end":{"line":62,"column":null}},"loc":{"start":{"line":64,"column":26},"end":{"line":72,"column":null}},"line":64},"5":{"name":"(anonymous_5)","decl":{"start":{"line":65,"column":20},"end":{"line":65,"column":null}},"loc":{"start":{"line":66,"column":23},"end":{"line":69,"column":null}},"line":66}},"branchMap":{"0":{"loc":{"start":{"line":15,"column":2},"end":{"line":17,"column":null}},"type":"if","locations":[{"start":{"line":15,"column":2},"end":{"line":17,"column":null}},{"start":{},"end":{}}],"line":15},"1":{"loc":{"start":{"line":19,"column":2},"end":{"line":21,"column":null}},"type":"if","locations":[{"start":{"line":19,"column":2},"end":{"line":21,"column":null}},{"start":{},"end":{}}],"line":19},"2":{"loc":{"start":{"line":24,"column":2},"end":{"line":26,"column":null}},"type":"if","locations":[{"start":{"line":24,"column":2},"end":{"line":26,"column":null}},{"start":{},"end":{}}],"line":24},"3":{"loc":{"start":{"line":24,"column":6},"end":{"line":24,"column":47}},"type":"binary-expr","locations":[{"start":{"line":24,"column":6},"end":{"line":24,"column":25}},{"start":{"line":24,"column":25},"end":{"line":24,"column":47}}],"line":24},"4":{"loc":{"start":{"line":38,"column":2},"end":{"line":40,"column":null}},"type":"if","locations":[{"start":{"line":38,"column":2},"end":{"line":40,"column":null}},{"start":{},"end":{}}],"line":38},"5":{"loc":{"start":{"line":43,"column":2},"end":{"line":45,"column":null}},"type":"if","locations":[{"start":{"line":43,"column":2},"end":{"line":45,"column":null}},{"start":{},"end":{}}],"line":43},"6":{"loc":{"start":{"line":43,"column":6},"end":{"line":43,"column":47}},"type":"binary-expr","locations":[{"start":{"line":43,"column":6},"end":{"line":43,"column":25}},{"start":{"line":43,"column":25},"end":{"line":43,"column":47}}],"line":43},"7":{"loc":{"start":{"line":67,"column":32},"end":{"line":67,"column":63}},"type":"binary-expr","locations":[{"start":{"line":67,"column":32},"end":{"line":67,"column":58}},{"start":{"line":67,"column":58},"end":{"line":67,"column":63}}],"line":67}},"s":{"0":7,"1":1,"2":6,"3":1,"4":6,"5":6,"6":1,"7":5,"8":5,"9":2,"10":3,"11":3,"12":1,"13":2,"14":2,"15":3,"16":6,"17":2,"18":3,"19":3},"f":{"0":7,"1":5,"2":3,"3":6,"4":2,"5":3},"b":{"0":[1,6],"1":[1,5],"2":[1,5],"3":[6,2],"4":[2,3],"5":[1,2],"6":[3,1],"7":[3,2]},"meta":{"lastBranch":8,"lastFunction":6,"lastStatement":20,"seen":{"f:11:16:11:Infinity":0,"b:15:2:17:Infinity:undefined:undefined:undefined:undefined":0,"s:15:2:17:Infinity":0,"s:16:4:16:Infinity":1,"b:19:2:21:Infinity:undefined:undefined:undefined:undefined":1,"s:19:2:21:Infinity":2,"s:20:4:20:Infinity":3,"s:23:25:23:Infinity":4,"b:24:2:26:Infinity:undefined:undefined:undefined:undefined":2,"s:24:2:26:Infinity":5,"b:24:6:24:25:24:25:24:47":3,"s:25:4:25:Infinity":6,"s:28:2:28:Infinity":7,"f:37:16:37:39":1,"b:38:2:40:Infinity:undefined:undefined:undefined:undefined":4,"s:38:2:40:Infinity":8,"s:39:4:39:Infinity":9,"s:42:25:42:Infinity":10,"b:43:2:45:Infinity:undefined:undefined:undefined:undefined":5,"s:43:2:45:Infinity":11,"b:43:6:43:25:43:25:43:47":6,"s:44:4:44:Infinity":12,"s:48:25:48:Infinity":13,"s:49:2:49:Infinity":14,"f:55:16:55:40":2,"s:56:2:56:Infinity":15,"f:56:30:56:38":3,"s:56:51:56:62":16,"f:62:16:62:Infinity":4,"s:65:2:71:Infinity":17,"f:65:20:65:Infinity":5,"s:67:6:67:Infinity":18,"b:67:32:67:58:67:58:67:63":7,"s:68:6:68:Infinity":19},"fnNames":{}}}
,"D:\\EcoShift\\src\\services\\firebaseDB.ts": {"path":"D:\\EcoShift\\src\\services\\firebaseDB.ts","statementMap":{"0":{"start":{"line":17,"column":30},"end":{"line":17,"column":null}},"1":{"start":{"line":25,"column":2},"end":{"line":47,"column":null}},"2":{"start":{"line":26,"column":4},"end":{"line":28,"column":null}},"3":{"start":{"line":27,"column":6},"end":{"line":27,"column":null}},"4":{"start":{"line":30,"column":19},"end":{"line":35,"column":null}},"5":{"start":{"line":37,"column":4},"end":{"line":43,"column":null}},"6":{"start":{"line":45,"column":4},"end":{"line":45,"column":null}},"7":{"start":{"line":46,"column":4},"end":{"line":46,"column":null}},"8":{"start":{"line":54,"column":2},"end":{"line":76,"column":null}},"9":{"start":{"line":55,"column":10},"end":{"line":60,"column":null}},"10":{"start":{"line":62,"column":21},"end":{"line":62,"column":null}},"11":{"start":{"line":63,"column":4},"end":{"line":72,"column":null}},"12":{"start":{"line":64,"column":19},"end":{"line":64,"column":null}},"13":{"start":{"line":65,"column":6},"end":{"line":71,"column":null}},"14":{"start":{"line":74,"column":4},"end":{"line":74,"column":null}},"15":{"start":{"line":75,"column":4},"end":{"line":75,"column":null}},"16":{"start":{"line":83,"column":2},"end":{"line":108,"column":null}},"17":{"start":{"line":84,"column":23},"end":{"line":84,"column":null}},"18":{"start":{"line":85,"column":4},"end":{"line":85,"column":null}},"19":{"start":{"line":87,"column":10},"end":{"line":92,"column":null}},"20":{"start":{"line":94,"column":21},"end":{"line":94,"column":null}},"21":{"start":{"line":95,"column":4},"end":{"line":104,"column":null}},"22":{"start":{"line":96,"column":19},"end":{"line":96,"column":null}},"23":{"start":{"line":97,"column":6},"end":{"line":103,"column":null}},"24":{"start":{"line":106,"column":4},"end":{"line":106,"column":null}},"25":{"start":{"line":107,"column":4},"end":{"line":107,"column":null}},"26":{"start":{"line":115,"column":2},"end":{"line":120,"column":null}},"27":{"start":{"line":116,"column":4},"end":{"line":116,"column":null}},"28":{"start":{"line":118,"column":4},"end":{"line":118,"column":null}},"29":{"start":{"line":119,"column":4},"end":{"line":119,"column":null}}},"fnMap":{"0":{"name":"logActivity","decl":{"start":{"line":22,"column":22},"end":{"line":22,"column":null}},"loc":{"start":{"line":24,"column":21},"end":{"line":48,"column":null}},"line":24},"1":{"name":"getActivities","decl":{"start":{"line":53,"column":22},"end":{"line":53,"column":36}},"loc":{"start":{"line":53,"column":73},"end":{"line":77,"column":null}},"line":53},"2":{"name":"(anonymous_2)","decl":{"start":{"line":63,"column":25},"end":{"line":63,"column":29}},"loc":{"start":{"line":63,"column":36},"end":{"line":72,"column":5}},"line":63},"3":{"name":"getWeeklyActivities","decl":{"start":{"line":82,"column":22},"end":{"line":82,"column":42}},"loc":{"start":{"line":82,"column":79},"end":{"line":109,"column":null}},"line":82},"4":{"name":"(anonymous_4)","decl":{"start":{"line":95,"column":25},"end":{"line":95,"column":29}},"loc":{"start":{"line":95,"column":36},"end":{"line":104,"column":5}},"line":95},"5":{"name":"deleteActivity","decl":{"start":{"line":114,"column":22},"end":{"line":114,"column":37}},"loc":{"start":{"line":114,"column":72},"end":{"line":121,"column":null}},"line":114}},"branchMap":{"0":{"loc":{"start":{"line":26,"column":4},"end":{"line":28,"column":null}},"type":"if","locations":[{"start":{"line":26,"column":4},"end":{"line":28,"column":null}},{"start":{},"end":{}}],"line":26},"1":{"loc":{"start":{"line":68,"column":14},"end":{"line":68,"column":null}},"type":"binary-expr","locations":[{"start":{"line":68,"column":14},"end":{"line":68,"column":39}},{"start":{"line":68,"column":39},"end":{"line":68,"column":null}}],"line":68},"2":{"loc":{"start":{"line":69,"column":19},"end":{"line":69,"column":null}},"type":"binary-expr","locations":[{"start":{"line":69,"column":19},"end":{"line":69,"column":49}},{"start":{"line":69,"column":49},"end":{"line":69,"column":null}}],"line":69},"3":{"loc":{"start":{"line":70,"column":19},"end":{"line":70,"column":null}},"type":"binary-expr","locations":[{"start":{"line":70,"column":19},"end":{"line":70,"column":49}},{"start":{"line":70,"column":49},"end":{"line":70,"column":null}}],"line":70},"4":{"loc":{"start":{"line":100,"column":14},"end":{"line":100,"column":null}},"type":"binary-expr","locations":[{"start":{"line":100,"column":14},"end":{"line":100,"column":39}},{"start":{"line":100,"column":39},"end":{"line":100,"column":null}}],"line":100},"5":{"loc":{"start":{"line":101,"column":19},"end":{"line":101,"column":null}},"type":"binary-expr","locations":[{"start":{"line":101,"column":19},"end":{"line":101,"column":49}},{"start":{"line":101,"column":49},"end":{"line":101,"column":null}}],"line":101},"6":{"loc":{"start":{"line":102,"column":19},"end":{"line":102,"column":null}},"type":"binary-expr","locations":[{"start":{"line":102,"column":19},"end":{"line":102,"column":49}},{"start":{"line":102,"column":49},"end":{"line":102,"column":null}}],"line":102}},"s":{"0":1,"1":5,"2":5,"3":1,"4":4,"5":3,"6":2,"7":2,"8":5,"9":5,"10":5,"11":4,"12":3,"13":3,"14":1,"15":1,"16":5,"17":5,"18":5,"19":5,"20":5,"21":4,"22":1,"23":1,"24":1,"25":1,"26":3,"27":3,"28":1,"29":1},"f":{"0":5,"1":5,"2":3,"3":5,"4":1,"5":3},"b":{"0":[1,4],"1":[3,1],"2":[3,1],"3":[3,1],"4":[1,0],"5":[1,0],"6":[1,0]},"meta":{"lastBranch":7,"lastFunction":6,"lastStatement":30,"seen":{"s:17:30:17:Infinity":0,"f:22:22:22:Infinity":0,"s:25:2:47:Infinity":1,"b:26:4:28:Infinity:undefined:undefined:undefined:undefined":0,"s:26:4:28:Infinity":2,"s:27:6:27:Infinity":3,"s:30:19:35:Infinity":4,"s:37:4:43:Infinity":5,"s:45:4:45:Infinity":6,"s:46:4:46:Infinity":7,"f:53:22:53:36":1,"s:54:2:76:Infinity":8,"s:55:10:60:Infinity":9,"s:62:21:62:Infinity":10,"s:63:4:72:Infinity":11,"f:63:25:63:29":2,"s:64:19:64:Infinity":12,"s:65:6:71:Infinity":13,"b:68:14:68:39:68:39:68:Infinity":1,"b:69:19:69:49:69:49:69:Infinity":2,"b:70:19:70:49:70:49:70:Infinity":3,"s:74:4:74:Infinity":14,"s:75:4:75:Infinity":15,"f:82:22:82:42":3,"s:83:2:108:Infinity":16,"s:84:23:84:Infinity":17,"s:85:4:85:Infinity":18,"s:87:10:92:Infinity":19,"s:94:21:94:Infinity":20,"s:95:4:104:Infinity":21,"f:95:25:95:29":4,"s:96:19:96:Infinity":22,"s:97:6:103:Infinity":23,"b:100:14:100:39:100:39:100:Infinity":4,"b:101:19:101:49:101:49:101:Infinity":5,"b:102:19:102:49:102:49:102:Infinity":6,"s:106:4:106:Infinity":24,"s:107:4:107:Infinity":25,"f:114:22:114:37":5,"s:115:2:120:Infinity":26,"s:116:4:116:Infinity":27,"s:118:4:118:Infinity":28,"s:119:4:119:Infinity":29},"fnNames":{}}}
,"D:\\EcoShift\\src\\services\\googleAnalytics.ts": {"path":"D:\\EcoShift\\src\\services\\googleAnalytics.ts","statementMap":{"0":{"start":{"line":8,"column":2},"end":{"line":14,"column":null}},"1":{"start":{"line":9,"column":4},"end":{"line":13,"column":null}},"2":{"start":{"line":21,"column":2},"end":{"line":25,"column":null}},"3":{"start":{"line":22,"column":4},"end":{"line":24,"column":null}},"4":{"start":{"line":32,"column":2},"end":{"line":37,"column":null}},"5":{"start":{"line":33,"column":4},"end":{"line":36,"column":null}},"6":{"start":{"line":44,"column":2},"end":{"line":49,"column":null}},"7":{"start":{"line":45,"column":4},"end":{"line":48,"column":null}}},"fnMap":{"0":{"name":"trackActivityLogged","decl":{"start":{"line":7,"column":16},"end":{"line":7,"column":36}},"loc":{"start":{"line":7,"column":83},"end":{"line":15,"column":null}},"line":7},"1":{"name":"trackInsightsViewed","decl":{"start":{"line":20,"column":16},"end":{"line":20,"column":44}},"loc":{"start":{"line":20,"column":44},"end":{"line":26,"column":null}},"line":20},"2":{"name":"trackGoalCreated","decl":{"start":{"line":31,"column":16},"end":{"line":31,"column":33}},"loc":{"start":{"line":31,"column":61},"end":{"line":38,"column":null}},"line":31},"3":{"name":"trackPageView","decl":{"start":{"line":43,"column":16},"end":{"line":43,"column":30}},"loc":{"start":{"line":43,"column":54},"end":{"line":50,"column":null}},"line":43}},"branchMap":{"0":{"loc":{"start":{"line":8,"column":2},"end":{"line":14,"column":null}},"type":"if","locations":[{"start":{"line":8,"column":2},"end":{"line":14,"column":null}},{"start":{},"end":{}}],"line":8},"1":{"loc":{"start":{"line":21,"column":2},"end":{"line":25,"column":null}},"type":"if","locations":[{"start":{"line":21,"column":2},"end":{"line":25,"column":null}},{"start":{},"end":{}}],"line":21},"2":{"loc":{"start":{"line":32,"column":2},"end":{"line":37,"column":null}},"type":"if","locations":[{"start":{"line":32,"column":2},"end":{"line":37,"column":null}},{"start":{},"end":{}}],"line":32},"3":{"loc":{"start":{"line":44,"column":2},"end":{"line":49,"column":null}},"type":"if","locations":[{"start":{"line":44,"column":2},"end":{"line":49,"column":null}},{"start":{},"end":{}}],"line":44}},"s":{"0":5,"1":4,"2":2,"3":1,"4":3,"5":2,"6":4,"7":3},"f":{"0":5,"1":2,"2":3,"3":4},"b":{"0":[4,1],"1":[1,1],"2":[2,1],"3":[3,1]},"meta":{"lastBranch":4,"lastFunction":4,"lastStatement":8,"seen":{"f:7:16:7:36":0,"b:8:2:14:Infinity:undefined:undefined:undefined:undefined":0,"s:8:2:14:Infinity":0,"s:9:4:13:Infinity":1,"f:20:16:20:44":1,"b:21:2:25:Infinity:undefined:undefined:undefined:undefined":1,"s:21:2:25:Infinity":2,"s:22:4:24:Infinity":3,"f:31:16:31:33":2,"b:32:2:37:Infinity:undefined:undefined:undefined:undefined":2,"s:32:2:37:Infinity":4,"s:33:4:36:Infinity":5,"f:43:16:43:30":3,"b:44:2:49:Infinity:undefined:undefined:undefined:undefined":3,"s:44:2:49:Infinity":6,"s:45:4:48:Infinity":7},"fnNames":{}}}
,"D:\\EcoShift\\src\\types\\index.ts": {"path":"D:\\EcoShift\\src\\types\\index.ts","statementMap":{"0":{"start":{"line":44,"column":7},"end":{"line":50,"column":null}},"1":{"start":{"line":45,"column":2},"end":{"line":45,"column":null}},"2":{"start":{"line":46,"column":2},"end":{"line":46,"column":null}},"3":{"start":{"line":47,"column":2},"end":{"line":47,"column":null}},"4":{"start":{"line":48,"column":2},"end":{"line":48,"column":null}},"5":{"start":{"line":49,"column":2},"end":{"line":49,"column":null}},"6":{"start":{"line":55,"column":7},"end":{"line":60,"column":null}},"7":{"start":{"line":56,"column":2},"end":{"line":56,"column":null}},"8":{"start":{"line":57,"column":2},"end":{"line":57,"column":null}},"9":{"start":{"line":58,"column":2},"end":{"line":58,"column":null}},"10":{"start":{"line":59,"column":2},"end":{"line":59,"column":null}}},"fnMap":{"0":{"name":"(anonymous_0)","decl":{"start":{"line":44,"column":7},"end":{"line":44,"column":12}},"loc":{"start":{"line":44,"column":7},"end":{"line":50,"column":null}},"line":44},"1":{"name":"(anonymous_1)","decl":{"start":{"line":55,"column":7},"end":{"line":55,"column":12}},"loc":{"start":{"line":55,"column":7},"end":{"line":60,"column":null}},"line":55}},"branchMap":{},"s":{"0":2,"1":2,"2":2,"3":2,"4":2,"5":2,"6":2,"7":2,"8":2,"9":2,"10":2},"f":{"0":2,"1":2},"b":{},"meta":{"lastBranch":0,"lastFunction":2,"lastStatement":11,"seen":{"s:44:7:50:Infinity":0,"f:44:7:44:12":0,"s:45:2:45:Infinity":1,"s:46:2:46:Infinity":2,"s:47:2:47:Infinity":3,"s:48:2:48:Infinity":4,"s:49:2:49:Infinity":5,"s:55:7:60:Infinity":6,"f:55:7:55:12":1,"s:56:2:56:Infinity":7,"s:57:2:57:Infinity":8,"s:58:2:58:Infinity":9,"s:59:2:59:Infinity":10},"fnNames":{}}}
}
